Using pre-set license
Built from '2021.3/staging' branch; Version is '2021.3.18f1 (3129e69bc0c7) revision 3221990'; Using compiler version '192829333'; Build Type 'Release'
OS: 'Windows 11  (10.0.26100) 64bit Core' Language: 'zh' Physical Memory: 16008 MB
BatchMode: 1, IsHumanControllingUs: 0, StartBugReporterOnCrash: 0, Is64bit: 1, IsPro: 1

COMMAND LINE ARGUMENTS:
C:\Program Files\Unity\Hub\Editor\2021.3.18f1\Editor\Unity.exe
-adb2
-batchMode
-noUpm
-name
AssetImportWorker0
-projectPath
C:/Users/user/Parkour Game
-logFile
Logs/AssetImportWorker0.log
-srvPort
62021
Successfully changed project path to: C:/Users/user/Parkour Game
C:/Users/user/Parkour Game
[UnityMemory] Configuration Parameters - Can be set up in boot.config
    "memorysetup-bucket-allocator-granularity=16"
    "memorysetup-bucket-allocator-bucket-count=8"
    "memorysetup-bucket-allocator-block-size=33554432"
    "memorysetup-bucket-allocator-block-count=8"
    "memorysetup-main-allocator-block-size=16777216"
    "memorysetup-thread-allocator-block-size=16777216"
    "memorysetup-gfx-main-allocator-block-size=16777216"
    "memorysetup-gfx-thread-allocator-block-size=16777216"
    "memorysetup-cache-allocator-block-size=4194304"
    "memorysetup-typetree-allocator-block-size=2097152"
    "memorysetup-profiler-bucket-allocator-granularity=16"
    "memorysetup-profiler-bucket-allocator-bucket-count=8"
    "memorysetup-profiler-bucket-allocator-block-size=33554432"
    "memorysetup-profiler-bucket-allocator-block-count=8"
    "memorysetup-profiler-allocator-block-size=16777216"
    "memorysetup-profiler-editor-allocator-block-size=1048576"
    "memorysetup-temp-allocator-size-main=16777216"
    "memorysetup-job-temp-allocator-block-size=2097152"
    "memorysetup-job-temp-allocator-block-size-background=1048576"
    "memorysetup-job-temp-allocator-reduction-small-platforms=262144"
    "memorysetup-temp-allocator-size-background-worker=32768"
    "memorysetup-temp-allocator-size-job-worker=262144"
    "memorysetup-temp-allocator-size-preload-manager=33554432"
    "memorysetup-temp-allocator-size-nav-mesh-worker=65536"
    "memorysetup-temp-allocator-size-audio-worker=65536"
    "memorysetup-temp-allocator-size-cloud-worker=32768"
    "memorysetup-temp-allocator-size-gi-baking-worker=262144"
    "memorysetup-temp-allocator-size-gfx=262144"
Player connection [26748] Host "[IP] 10.241.245.42 [Port] 0 [Flags] 2 [Guid] 2618464466 [EditorId] 2618464466 [Version] 1048832 [Id] WindowsEditor(7,LAPTOP-K19UBTVU) [Debug] 1 [PackageName] WindowsEditor [ProjectName] Editor" joined multi-casting on [225.0.0.222:54997]...

Player connection [26748] Host "[IP] 10.241.245.42 [Port] 0 [Flags] 2 [Guid] 2618464466 [EditorId] 2618464466 [Version] 1048832 [Id] WindowsEditor(7,LAPTOP-K19UBTVU) [Debug] 1 [PackageName] WindowsEditor [ProjectName] Editor" joined alternative multi-casting on [225.0.0.222:34997]...

Refreshing native plugins compatible for Editor in 43.54 ms, found 3 plugins.
Preloading 0 native plugins for Editor in 0.00 ms.
Initialize engine version: 2021.3.18f1 (3129e69bc0c7)
[Subsystems] Discovering subsystems at path C:/Program Files/Unity/Hub/Editor/2021.3.18f1/Editor/Data/Resources/UnitySubsystems
[Subsystems] Discovering subsystems at path C:/Users/user/Parkour Game/Assets
GfxDevice: creating device client; threaded=0; jobified=0
Direct3D:
    Version:  Direct3D 11.0 [level 11.1]
    Renderer: Intel(R) Iris(R) Xe Graphics (ID=0xa7a0)
    Vendor:   Intel
    VRAM:     8004 MB
    Driver:   32.0.101.5768
Initialize mono
Mono path[0] = 'C:/Program Files/Unity/Hub/Editor/2021.3.18f1/Editor/Data/Managed'
Mono path[1] = 'C:/Program Files/Unity/Hub/Editor/2021.3.18f1/Editor/Data/MonoBleedingEdge/lib/mono/unityjit-win32'
Mono config path = 'C:/Program Files/Unity/Hub/Editor/2021.3.18f1/Editor/Data/MonoBleedingEdge/etc'
Using monoOptions --debugger-agent=transport=dt_socket,embedding=1,server=y,suspend=n,address=127.0.0.1:56792
Begin MonoManager ReloadAssembly
Registering precompiled unity dll's ...
Register platform support module: C:/Program Files/Unity/Hub/Editor/2021.3.18f1/Editor/Data/PlaybackEngines/WindowsStandaloneSupport/UnityEditor.WindowsStandalone.Extensions.dll
Registered in 0.003148 seconds.
Native extension for WindowsStandalone target not found
Refreshing native plugins compatible for Editor in 44.69 ms, found 3 plugins.
Preloading 0 native plugins for Editor in 0.00 ms.
Mono: successfully reloaded assembly
- Completed reload, in  0.393 seconds
Domain Reload Profiling:
	ReloadAssembly (393ms)
		BeginReloadAssembly (46ms)
			ExecutionOrderSort (0ms)
			DisableScriptedObjects (0ms)
			BackupInstance (0ms)
			ReleaseScriptingObjects (0ms)
			CreateAndSetChildDomain (0ms)
		EndReloadAssembly (280ms)
			LoadAssemblies (45ms)
			RebuildTransferFunctionScriptingTraits (0ms)
			SetupTypeCache (71ms)
			ReleaseScriptCaches (0ms)
			RebuildScriptCaches (18ms)
			SetupLoadedEditorAssemblies (159ms)
				LogAssemblyErrors (0ms)
				InitializePlatformSupportModulesInManaged (5ms)
				SetLoadedEditorAssemblies (0ms)
				RefreshPlugins (45ms)
				BeforeProcessingInitializeOnLoad (1ms)
				ProcessInitializeOnLoadAttributes (78ms)
				ProcessInitializeOnLoadMethodAttributes (30ms)
				AfterProcessingInitializeOnLoad (0ms)
				EditorAssembliesLoaded (0ms)
			ExecutionOrderSort2 (0ms)
			AwakeInstancesAfterBackupRestoration (0ms)
Platform modules already initialized, skipping
Registering precompiled user dll's ...
Registered in 0.003087 seconds.
Begin MonoManager ReloadAssembly
Symbol file LoadedFromMemory doesn't match image C:\Users\user\Parkour Game\Library\PackageCache\com.unity.visualscripting@1.8.0\Editor\VisualScripting.Core\Dependencies\YamlDotNet\Unity.VisualScripting.YamlDotNet.dll
Symbol file LoadedFromMemory doesn't match image C:\Users\user\Parkour Game\Library\PackageCache\com.unity.visualscripting@1.8.0\Editor\VisualScripting.Core\Dependencies\DotNetZip\Unity.VisualScripting.IonicZip.dll
Native extension for WindowsStandalone target not found
Refreshing native plugins compatible for Editor in 0.40 ms, found 3 plugins.
Preloading 0 native plugins for Editor in 0.00 ms.
Mono: successfully reloaded assembly
- Completed reload, in  0.739 seconds
Domain Reload Profiling:
	ReloadAssembly (739ms)
		BeginReloadAssembly (70ms)
			ExecutionOrderSort (0ms)
			DisableScriptedObjects (4ms)
			BackupInstance (0ms)
			ReleaseScriptingObjects (0ms)
			CreateAndSetChildDomain (12ms)
		EndReloadAssembly (590ms)
			LoadAssemblies (51ms)
			RebuildTransferFunctionScriptingTraits (0ms)
			SetupTypeCache (172ms)
			ReleaseScriptCaches (0ms)
			RebuildScriptCaches (31ms)
			SetupLoadedEditorAssemblies (291ms)
				LogAssemblyErrors (0ms)
				InitializePlatformSupportModulesInManaged (4ms)
				SetLoadedEditorAssemblies (0ms)
				RefreshPlugins (0ms)
				BeforeProcessingInitializeOnLoad (58ms)
				ProcessInitializeOnLoadAttributes (201ms)
				ProcessInitializeOnLoadMethodAttributes (20ms)
				AfterProcessingInitializeOnLoad (7ms)
				EditorAssembliesLoaded (0ms)
			ExecutionOrderSort2 (0ms)
			AwakeInstancesAfterBackupRestoration (5ms)
Platform modules already initialized, skipping
========================================================================
Worker process is ready to serve import requests
Launched and connected shader compiler UnityShaderCompiler.exe after 0.10 seconds
Refreshing native plugins compatible for Editor in 0.44 ms, found 3 plugins.
Preloading 0 native plugins for Editor in 0.00 ms.
Unloading 3206 Unused Serialized files (Serialized files now loaded: 0)
Unloading 34 unused Assets / (1.3 MB). Loaded Objects now: 3658.
Memory consumption went from 194.2 MB to 193.0 MB.
Total: 2.980400 ms (FindLiveObjects: 0.279600 ms CreateObjectMapping: 0.114800 ms MarkObjects: 2.370000 ms  DeleteObjects: 0.214900 ms)

AssetImportParameters requested are different than current active one (requested -> active):
  custom:video-decoder-ogg-theora: a1e56fd34408186e4bbccfd4996cb3dc -> 
  custom:container-muxer-webm: aa71ff27fc2769a1b78a27578f13a17b -> 
  custom:container-demuxer-webm: 4f35f7cbe854078d1ac9338744f61a02 -> 
  custom:video-encoder-webm-vp8: eb34c28f22e8b96e1ab97ce403110664 -> 
  custom:audio-encoder-webm-vorbis: bf7c407c2cedff20999df2af8eb42d56 -> 
  custom:framework-win-MediaFoundation: 216162199b28c13a410421893ffa2e32 -> 
  custom:container-demuxer-ogg: 62fdf1f143b41e24485cea50d1cbac27 -> 
  custom:video-decoder-webm-vp8: 9c59270c3fd7afecdb556c50c9e8de78 -> 
  custom:audio-decoder-ogg-vorbis: bf7c407c2cedff20999df2af8eb42d56 -> 
========================================================================
Received Import Request.
  Time since last request: 334077.819820 seconds.
  path: Assets/backgroundimage.png
  artifactKey: Guid(a6427f8f63c29c14397348115d477bf9) Importer(815301076,1909f56bfc062723c751e8b465ee728b)
Start importing Assets/backgroundimage.png using Guid(a6427f8f63c29c14397348115d477bf9) Importer(815301076,1909f56bfc062723c751e8b465ee728b)  -> (artifact id: 'b4ee2866be01eac5c1e1b3865c61939f') in 0.162699 seconds 
========================================================================
Received Import Request.
  Time since last request: 2.243194 seconds.
  path: Assets/Scenes
  artifactKey: Guid(6ea315d0fd7389c41b19996891e99ae3) Importer(815301076,1909f56bfc062723c751e8b465ee728b)
Start importing Assets/Scenes using Guid(6ea315d0fd7389c41b19996891e99ae3) Importer(815301076,1909f56bfc062723c751e8b465ee728b)  -> (artifact id: 'b8193726cff86800c54781cdc6d54904') in 0.017260 seconds 
========================================================================
Received Import Request.
  Time since last request: 2.555790 seconds.
  path: Assets/Scenes/GameScene_Profiles
  artifactKey: Guid(8783bee80158eef46981eafdd3a170b2) Importer(815301076,1909f56bfc062723c751e8b465ee728b)
Start importing Assets/Scenes/GameScene_Profiles using Guid(8783bee80158eef46981eafdd3a170b2) Importer(815301076,1909f56bfc062723c751e8b465ee728b)  -> (artifact id: 'fce8678f7bed2ec2c4c9d604a0164715') in 0.021327 seconds 
========================================================================
Received Import Request.
  Time since last request: 0.802510 seconds.
  path: Assets/Scenes/GameScene_Profiles/Post-process Volume Profile 1.asset
  artifactKey: Guid(a7fd89a7df763a84a90838d8e5896475) Importer(815301076,1909f56bfc062723c751e8b465ee728b)
Start importing Assets/Scenes/GameScene_Profiles/Post-process Volume Profile 1.asset using Guid(a7fd89a7df763a84a90838d8e5896475) Importer(815301076,1909f56bfc062723c751e8b465ee728b)  -> (artifact id: 'eee741e8760dcaabf61490da04f01177') in 0.042254 seconds 
========================================================================
Received Import Request.
  Time since last request: 0.000031 seconds.
  path: Assets/Scenes/GameScene_Profiles/Post-process Volume Profile.asset
  artifactKey: Guid(00f98367fbb7d9244a7158d804d0090e) Importer(815301076,1909f56bfc062723c751e8b465ee728b)
Start importing Assets/Scenes/GameScene_Profiles/Post-process Volume Profile.asset using Guid(00f98367fbb7d9244a7158d804d0090e) Importer(815301076,1909f56bfc062723c751e8b465ee728b)  -> (artifact id: 'f9f54ea842ad5e12e71a25d57637e259') in 0.038440 seconds 
========================================================================
Received Import Request.
  Time since last request: 2.127400 seconds.
  path: Assets/Mainmenuscripts
  artifactKey: Guid(b4e13be189da7244294ddab5b6331f3a) Importer(815301076,1909f56bfc062723c751e8b465ee728b)
Start importing Assets/Mainmenuscripts using Guid(b4e13be189da7244294ddab5b6331f3a) Importer(815301076,1909f56bfc062723c751e8b465ee728b)  -> (artifact id: '216fb6ed62c3f65663e62ff258f6d412') in 0.024451 seconds 
========================================================================
Received Import Request.
  Time since last request: 1.589887 seconds.
  path: Assets/Mainmenuscripts/Mainmenu.cs
  artifactKey: Guid(bdad15f0064333a428fa8d6d31fb36d9) Importer(815301076,1909f56bfc062723c751e8b465ee728b)
Start importing Assets/Mainmenuscripts/Mainmenu.cs using Guid(bdad15f0064333a428fa8d6d31fb36d9) Importer(815301076,1909f56bfc062723c751e8b465ee728b)  -> (artifact id: 'ed57c471365b76cda477963f17aeae2c') in 0.038309 seconds 
========================================================================
Received Import Request.
  Time since last request: 4.906004 seconds.
  path: Assets/Scenes/SampleScene
  artifactKey: Guid(8d2dcb1f9ddc2684fa140d06c44e7cd2) Importer(815301076,1909f56bfc062723c751e8b465ee728b)
Start importing Assets/Scenes/SampleScene using Guid(8d2dcb1f9ddc2684fa140d06c44e7cd2) Importer(815301076,1909f56bfc062723c751e8b465ee728b)  -> (artifact id: '1c7d1fec1b722cbba3f1403eeb73e921') in 0.023176 seconds 
========================================================================
Received Import Request.
  Time since last request: 0.033503 seconds.
  path: Assets/Scenes/SampleScene/NavMesh.asset
  artifactKey: Guid(db5bee995c0e35349b8b1ac9962e82c8) Importer(815301076,1909f56bfc062723c751e8b465ee728b)
Start importing Assets/Scenes/SampleScene/NavMesh.asset using Guid(db5bee995c0e35349b8b1ac9962e82c8) Importer(815301076,1909f56bfc062723c751e8b465ee728b)  -> (artifact id: 'a1effbf84dbf05b3f70800cff864a79c') in 0.021675 seconds 
========================================================================
Received Import Request.
  Time since last request: 11.740705 seconds.
  path: Assets/New Material 1.mat
  artifactKey: Guid(e054344134f947945b2d6fb76ef2531f) Importer(815301076,1909f56bfc062723c751e8b465ee728b)
Start importing Assets/New Material 1.mat using Guid(e054344134f947945b2d6fb76ef2531f) Importer(815301076,1909f56bfc062723c751e8b465ee728b)  -> (artifact id: '81bbcace1a0edfe2df6a37e3a48cd3ce') in 0.098711 seconds 
========================================================================
Received Import Request.
  Time since last request: 0.310148 seconds.
  path: Assets/New Material 2.mat
  artifactKey: Guid(420e27ea31e3e2e44a40d74498ddd30d) Importer(815301076,1909f56bfc062723c751e8b465ee728b)
Start importing Assets/New Material 2.mat using Guid(420e27ea31e3e2e44a40d74498ddd30d) Importer(815301076,1909f56bfc062723c751e8b465ee728b)  -> (artifact id: '267359c6dfe540a89990b0b6347c95e3') in 0.027029 seconds 
========================================================================
Received Import Request.
  Time since last request: 0.000018 seconds.
  path: Assets/New Material 3.mat
  artifactKey: Guid(813888f408427ae44af6959c984f63f0) Importer(815301076,1909f56bfc062723c751e8b465ee728b)
Start importing Assets/New Material 3.mat using Guid(813888f408427ae44af6959c984f63f0) Importer(815301076,1909f56bfc062723c751e8b465ee728b)  -> (artifact id: 'c9a88237d15749c534076341d01d1b32') in 0.048058 seconds 
========================================================================
Received Import Request.
  Time since last request: 0.016314 seconds.
  path: Assets/New Material 4.mat
  artifactKey: Guid(cb5caa98482fffd45b519f2a38a6d95a) Importer(815301076,1909f56bfc062723c751e8b465ee728b)
Start importing Assets/New Material 4.mat using Guid(cb5caa98482fffd45b519f2a38a6d95a) Importer(815301076,1909f56bfc062723c751e8b465ee728b)  -> (artifact id: 'af40f3024b0c48947da47a4e7701ed07') in 0.062070 seconds 
========================================================================
Received Import Request.
  Time since last request: 0.000083 seconds.
  path: Assets/New Material.mat
  artifactKey: Guid(df24e697d47905344a6402ce55c01e6a) Importer(815301076,1909f56bfc062723c751e8b465ee728b)
Start importing Assets/New Material.mat using Guid(df24e697d47905344a6402ce55c01e6a) Importer(815301076,1909f56bfc062723c751e8b465ee728b)  -> (artifact id: '5216345e68d912ab5de3f06c834fb30d') in 0.022178 seconds 
========================================================================
Received Import Request.
  Time since last request: 2.274461 seconds.
  path: Assets/up.cs
  artifactKey: Guid(b4ef67ebdff7a7d4c8e5c24819f48a98) Importer(815301076,1909f56bfc062723c751e8b465ee728b)
Start importing Assets/up.cs using Guid(b4ef67ebdff7a7d4c8e5c24819f48a98) Importer(815301076,1909f56bfc062723c751e8b465ee728b)  -> (artifact id: 'd7e0a797c5b347dcc69d164e1922b7cf') in 0.022144 seconds 
========================================================================
Received Import Request.
  Time since last request: 1.800326 seconds.
  path: Assets/Timer.cs
  artifactKey: Guid(2bdef5462bb11a648ae7aceffa856014) Importer(815301076,1909f56bfc062723c751e8b465ee728b)
Start importing Assets/Timer.cs using Guid(2bdef5462bb11a648ae7aceffa856014) Importer(815301076,1909f56bfc062723c751e8b465ee728b)  -> (artifact id: '5c8de263ec359858067bd7f4e8782b8e') in 0.018327 seconds 
========================================================================
Received Import Request.
  Time since last request: 17.183566 seconds.
  path: Assets/teleport.cs
  artifactKey: Guid(3dce25d9dfc045b4abe6ed6552e6be8f) Importer(815301076,1909f56bfc062723c751e8b465ee728b)
Start importing Assets/teleport.cs using Guid(3dce25d9dfc045b4abe6ed6552e6be8f) Importer(815301076,1909f56bfc062723c751e8b465ee728b)  -> (artifact id: '8c6cdae7057e543637df8adc2b62a35f') in 0.021062 seconds 
========================================================================
Received Import Request.
  Time since last request: 1.112659 seconds.
  path: Assets/SpiralParticles.cs
  artifactKey: Guid(25a5ae7f4e41899489ee87e9aeb6638e) Importer(815301076,1909f56bfc062723c751e8b465ee728b)
Start importing Assets/SpiralParticles.cs using Guid(25a5ae7f4e41899489ee87e9aeb6638e) Importer(815301076,1909f56bfc062723c751e8b465ee728b)  -> (artifact id: '484e145013b3148cb33eddf1874ff94e') in 0.023230 seconds 
========================================================================
Received Import Request.
  Time since last request: 6.548356 seconds.
  path: Assets/skip.cs
  artifactKey: Guid(06a9a5262cdb7174fa011616ebfb3a50) Importer(815301076,1909f56bfc062723c751e8b465ee728b)
Start importing Assets/skip.cs using Guid(06a9a5262cdb7174fa011616ebfb3a50) Importer(815301076,1909f56bfc062723c751e8b465ee728b)  -> (artifact id: '6949aaafa5e955e072cae6d3e7f9bd18') in 0.021880 seconds 
========================================================================
Received Import Request.
  Time since last request: 8.656473 seconds.
  path: Assets/move.cs
  artifactKey: Guid(5ab854d12a6eeed47b5ed1dd97c1ca94) Importer(815301076,1909f56bfc062723c751e8b465ee728b)
Start importing Assets/move.cs using Guid(5ab854d12a6eeed47b5ed1dd97c1ca94) Importer(815301076,1909f56bfc062723c751e8b465ee728b)  -> (artifact id: '0df65d918e59217c837ad8c6763f274a') in 0.018994 seconds 
========================================================================
Received Import Request.
  Time since last request: 1.348115 seconds.
  path: Assets/LevelFinish.cs
  artifactKey: Guid(d47ec3f36beeaa8439e65a1a1f3d94b1) Importer(815301076,1909f56bfc062723c751e8b465ee728b)
Start importing Assets/LevelFinish.cs using Guid(d47ec3f36beeaa8439e65a1a1f3d94b1) Importer(815301076,1909f56bfc062723c751e8b465ee728b)  -> (artifact id: '84c4be0500bfc3d058b558bdee404188') in 0.021293 seconds 
========================================================================
Received Prepare
Registering precompiled user dll's ...
Registered in 0.010194 seconds.
Begin MonoManager ReloadAssembly
Symbol file LoadedFromMemory doesn't match image C:\Users\user\Parkour Game\Library\PackageCache\com.unity.visualscripting@1.8.0\Editor\VisualScripting.Core\Dependencies\YamlDotNet\Unity.VisualScripting.YamlDotNet.dll
Symbol file LoadedFromMemory doesn't match image C:\Users\user\Parkour Game\Library\PackageCache\com.unity.visualscripting@1.8.0\Editor\VisualScripting.Core\Dependencies\DotNetZip\Unity.VisualScripting.IonicZip.dll
Native extension for WindowsStandalone target not found
Refreshing native plugins compatible for Editor in 0.54 ms, found 3 plugins.
Preloading 0 native plugins for Editor in 0.00 ms.
Mono: successfully reloaded assembly
- Completed reload, in  0.611 seconds
Domain Reload Profiling:
	ReloadAssembly (612ms)
		BeginReloadAssembly (114ms)
			ExecutionOrderSort (0ms)
			DisableScriptedObjects (8ms)
			BackupInstance (0ms)
			ReleaseScriptingObjects (0ms)
			CreateAndSetChildDomain (27ms)
		EndReloadAssembly (434ms)
			LoadAssemblies (52ms)
			RebuildTransferFunctionScriptingTraits (0ms)
			SetupTypeCache (159ms)
			ReleaseScriptCaches (1ms)
			RebuildScriptCaches (23ms)
			SetupLoadedEditorAssemblies (174ms)
				LogAssemblyErrors (0ms)
				InitializePlatformSupportModulesInManaged (8ms)
				SetLoadedEditorAssemblies (0ms)
				RefreshPlugins (1ms)
				BeforeProcessingInitializeOnLoad (34ms)
				ProcessInitializeOnLoadAttributes (114ms)
				ProcessInitializeOnLoadMethodAttributes (12ms)
				AfterProcessingInitializeOnLoad (4ms)
				EditorAssembliesLoaded (0ms)
			ExecutionOrderSort2 (0ms)
			AwakeInstancesAfterBackupRestoration (4ms)
Platform modules already initialized, skipping
Refreshing native plugins compatible for Editor in 1.02 ms, found 3 plugins.
Preloading 0 native plugins for Editor in 0.00 ms.
Unloading 3159 Unused Serialized files (Serialized files now loaded: 0)
Unloading 27 unused Assets / (1.2 MB). Loaded Objects now: 3707.
Memory consumption went from 194.4 MB to 193.2 MB.
Total: 2.875500 ms (FindLiveObjects: 0.233400 ms CreateObjectMapping: 0.075300 ms MarkObjects: 2.193400 ms  DeleteObjects: 0.372000 ms)

AssetImportParameters requested are different than current active one (requested -> active):
  custom:video-decoder-ogg-theora: a1e56fd34408186e4bbccfd4996cb3dc -> 
  custom:container-muxer-webm: aa71ff27fc2769a1b78a27578f13a17b -> 
  custom:container-demuxer-webm: 4f35f7cbe854078d1ac9338744f61a02 -> 
  custom:video-encoder-webm-vp8: eb34c28f22e8b96e1ab97ce403110664 -> 
  custom:audio-encoder-webm-vorbis: bf7c407c2cedff20999df2af8eb42d56 -> 
  custom:framework-win-MediaFoundation: 216162199b28c13a410421893ffa2e32 -> 
  custom:container-demuxer-ogg: 62fdf1f143b41e24485cea50d1cbac27 -> 
  custom:video-decoder-webm-vp8: 9c59270c3fd7afecdb556c50c9e8de78 -> 
  custom:audio-decoder-ogg-vorbis: bf7c407c2cedff20999df2af8eb42d56 -> 
========================================================================
Received Import Request.
  Time since last request: 53.427607 seconds.
  path: Assets/LevelFinish.cs
  artifactKey: Guid(d47ec3f36beeaa8439e65a1a1f3d94b1) Importer(815301076,1909f56bfc062723c751e8b465ee728b)
Start importing Assets/LevelFinish.cs using Guid(d47ec3f36beeaa8439e65a1a1f3d94b1) Importer(815301076,1909f56bfc062723c751e8b465ee728b)  -> (artifact id: 'cdd7c76bf25b2358f14be86756c33283') in 0.007113 seconds 
========================================================================
Received Import Request.
  Time since last request: 0.000025 seconds.
  path: Assets/LevelDisplay.cs
  artifactKey: Guid(0cdb018b4ece0b946a35e01f035bbe56) Importer(815301076,1909f56bfc062723c751e8b465ee728b)
Start importing Assets/LevelDisplay.cs using Guid(0cdb018b4ece0b946a35e01f035bbe56) Importer(815301076,1909f56bfc062723c751e8b465ee728b)  -> (artifact id: '03fdecd1d407c928aee92299fb9ba639') in 0.019805 seconds 
========================================================================
Received Prepare
Registering precompiled user dll's ...
Registered in 0.008157 seconds.
Begin MonoManager ReloadAssembly
Symbol file LoadedFromMemory doesn't match image C:\Users\user\Parkour Game\Library\PackageCache\com.unity.visualscripting@1.8.0\Editor\VisualScripting.Core\Dependencies\YamlDotNet\Unity.VisualScripting.YamlDotNet.dll
Symbol file LoadedFromMemory doesn't match image C:\Users\user\Parkour Game\Library\PackageCache\com.unity.visualscripting@1.8.0\Editor\VisualScripting.Core\Dependencies\DotNetZip\Unity.VisualScripting.IonicZip.dll
Native extension for WindowsStandalone target not found
Refreshing native plugins compatible for Editor in 2.11 ms, found 3 plugins.
Preloading 0 native plugins for Editor in 0.00 ms.
Mono: successfully reloaded assembly
- Completed reload, in  1.711 seconds
Domain Reload Profiling:
	ReloadAssembly (1712ms)
		BeginReloadAssembly (246ms)
			ExecutionOrderSort (0ms)
			DisableScriptedObjects (12ms)
			BackupInstance (0ms)
			ReleaseScriptingObjects (0ms)
			CreateAndSetChildDomain (71ms)
		EndReloadAssembly (1337ms)
			LoadAssemblies (151ms)
			RebuildTransferFunctionScriptingTraits (0ms)
			SetupTypeCache (446ms)
			ReleaseScriptCaches (1ms)
			RebuildScriptCaches (77ms)
			SetupLoadedEditorAssemblies (574ms)
				LogAssemblyErrors (0ms)
				InitializePlatformSupportModulesInManaged (32ms)
				SetLoadedEditorAssemblies (4ms)
				RefreshPlugins (2ms)
				BeforeProcessingInitializeOnLoad (138ms)
				ProcessInitializeOnLoadAttributes (348ms)
				ProcessInitializeOnLoadMethodAttributes (31ms)
				AfterProcessingInitializeOnLoad (18ms)
				EditorAssembliesLoaded (0ms)
			ExecutionOrderSort2 (0ms)
			AwakeInstancesAfterBackupRestoration (11ms)
Platform modules already initialized, skipping
Refreshing native plugins compatible for Editor in 0.95 ms, found 3 plugins.
Preloading 0 native plugins for Editor in 0.00 ms.
Unloading 3159 Unused Serialized files (Serialized files now loaded: 0)
Unloading 27 unused Assets / (1.2 MB). Loaded Objects now: 3710.
Memory consumption went from 194.4 MB to 193.2 MB.
Total: 1.985200 ms (FindLiveObjects: 0.149800 ms CreateObjectMapping: 0.050700 ms MarkObjects: 1.652900 ms  DeleteObjects: 0.129300 ms)

AssetImportParameters requested are different than current active one (requested -> active):
  custom:video-decoder-ogg-theora: a1e56fd34408186e4bbccfd4996cb3dc -> 
  custom:container-muxer-webm: aa71ff27fc2769a1b78a27578f13a17b -> 
  custom:container-demuxer-webm: 4f35f7cbe854078d1ac9338744f61a02 -> 
  custom:video-encoder-webm-vp8: eb34c28f22e8b96e1ab97ce403110664 -> 
  custom:audio-encoder-webm-vorbis: bf7c407c2cedff20999df2af8eb42d56 -> 
  custom:framework-win-MediaFoundation: 216162199b28c13a410421893ffa2e32 -> 
  custom:container-demuxer-ogg: 62fdf1f143b41e24485cea50d1cbac27 -> 
  custom:video-decoder-webm-vp8: 9c59270c3fd7afecdb556c50c9e8de78 -> 
  custom:audio-decoder-ogg-vorbis: bf7c407c2cedff20999df2af8eb42d56 -> 
========================================================================
Received Import Request.
  Time since last request: 53.643162 seconds.
  path: Assets/cycle.cs
  artifactKey: Guid(3757ee265e69e18478bc154be70ca584) Importer(815301076,1909f56bfc062723c751e8b465ee728b)
Start importing Assets/cycle.cs using Guid(3757ee265e69e18478bc154be70ca584) Importer(815301076,1909f56bfc062723c751e8b465ee728b)  -> (artifact id: '2ad354e18d75655092be04d6c9776d00') in 0.017853 seconds 
========================================================================
Received Import Request.
  Time since last request: 0.000019 seconds.
  path: Assets/floating.cs
  artifactKey: Guid(169238675f78d1a4ab1e5c744e346f79) Importer(815301076,1909f56bfc062723c751e8b465ee728b)
Start importing Assets/floating.cs using Guid(169238675f78d1a4ab1e5c744e346f79) Importer(815301076,1909f56bfc062723c751e8b465ee728b)  -> (artifact id: '4f08fd1c4709a6ce0d371d30b2d20478') in 0.017033 seconds 
========================================================================
Received Import Request.
  Time since last request: 0.000019 seconds.
  path: Assets/LevelDisplay.cs
  artifactKey: Guid(0cdb018b4ece0b946a35e01f035bbe56) Importer(815301076,1909f56bfc062723c751e8b465ee728b)
Start importing Assets/LevelDisplay.cs using Guid(0cdb018b4ece0b946a35e01f035bbe56) Importer(815301076,1909f56bfc062723c751e8b465ee728b)  -> (artifact id: 'e0f99b9cc6b87bd33c538d456a0df1b6') in 0.001998 seconds 
========================================================================
Received Import Request.
  Time since last request: 4.100628 seconds.
  path: Assets/cam.cs
  artifactKey: Guid(2073022abcf1f65439015474d3bed3e9) Importer(815301076,1909f56bfc062723c751e8b465ee728b)
Start importing Assets/cam.cs using Guid(2073022abcf1f65439015474d3bed3e9) Importer(815301076,1909f56bfc062723c751e8b465ee728b)  -> (artifact id: '2b5d59086ea01d8c25b038fa4a38313f') in 0.016801 seconds 
